"blank"				"=========================="
"blank"				"Spawning Grid Commands"
"blank"				"=========================="
"demote"			"Show Spawning Grid"
"slot1"				"Select map position #1"
"slot2"				"Select map position #2"
"slot3" 			"Select map position #3"
"slot4"				"Select map position #4"
"slot5"				"Select map position #5"
"slot6"				"Select map position #6"
"slot7"				"Select Ectomorph Clone"
"slot8" 			"Select Mesomorph Clone"
"slot9"				"Select Ubermorph Clone"

"blank"				"=========================="
"blank"				"Clone Movement"
"blank"				"=========================="
"+forward"			"Run forward"
"+back"				"Run back"
"+left"				"Turn left"
"+right"			"Turn right"
"+moveleft"			"Move left (strafe)"
"+moveright"			"Move right (strafe)"
"+jump"				"Jump"
"+duck"				"Crouch"
"+attack"			"Catch or Throw Ball"
"+attack2"			"Dive Attack"
"+brace"			"Shoulder Charge or Pass Ball"
"+balllock"			"Ball-snap (FOV to ball location)" 
"+lookup"			"Look up"
"+lookdown"			"Look down"
"centerview"			"Look straight ahead"

"blank"				"=========================="
"blank"				"Communication Commands"
"blank"				"=========================="
"messagemode"			"Chat message (global)"
"messagemode2"			"Chat message (team only)"
"+voicerecord"			"Voice Communication"

"blank"				"=========================="
"blank"				"Miscellaneous"
"blank"				"=========================="
"+showscores"			"Display Scoreboard"
"snapshot"			"Take screenshot"
"quit"				"Quit game"
"+strafe"			"Strafe modifier"
"+mlook"			"Mouse look modifier"
"+klook"			"Keyboard look modifier"
"impulse 201"			"Spray logo"

